<?xml version="1.0" encoding="UTF-8"?>
<testsuite xmlns:xsi="http://www.w3.org/2001/XMLSchema-instance" xsi:schemaLocation="https://maven.apache.org/surefire/maven-surefire-plugin/xsd/surefire-test-report.xsd" name="TestSuite" time="1,169.983" tests="10" errors="0" skipped="0" failures="4">
  <properties>
[...]
</properties>
  <testcase name="testHomeBrowseimage" classname="com.houzify.scripts.HomeTest" time="136.939"/>
  <testcase name="testFilterBrowse10images" classname="com.houzify.scripts.FilterTest" time="80.459"/>
  <testcase name="testSwipeFavouriteImages" classname="com.houzify.scripts.MyProfileTest" time="137.467">
    <failure type="java.lang.AssertionError:">java.lang.AssertionError: null
	at com.houzify.scripts.MyProfileTest.testSwipeFavouriteImages(MyProfileTest.java:44)
</failure>
  </testcase>
  <testcase name="testTopPicksBrowse10images" classname="com.houzify.scripts.TopPicksTest" time="69.899"/>
  <testcase name="testTutorial" classname="com.houzify.scripts.TutorialTest" time="97.775">
    <failure type="java.lang.AssertionError:">java.lang.AssertionError: null
	at com.houzify.scripts.TutorialTest.testTutorial(TutorialTest.java:42)
</failure>
  </testcase>
  <testcase name="testFilterBrowse15images" classname="com.houzify.scripts.FilterTest" time="98.384"/>
  <testcase name="testSignupWithCameraPic" classname="com.houzify.scripts.NewUserRegTest" time="145.639"/>
  <testcase name="testInvalidLogin" classname="com.houzify.scripts.NewUserRegTest" time="22.532"/>
  <testcase name="testGoogleLogin" classname="com.houzify.scripts.NewUserRegTest" time="67.356">
    <failure type="java.lang.AssertionError:">java.lang.AssertionError: null
	at com.houzify.scripts.NewUserRegTest.testGoogleLogin(NewUserRegTest.java:131)
</failure>
  </testcase>
  <testcase name="testFBLogin" classname="com.houzify.scripts.NewUserRegTest" time="10.465">
    <failure type="java.lang.AssertionError:">java.lang.AssertionError: null
	at com.houzify.scripts.NewUserRegTest.testFBLogin(NewUserRegTest.java:154)
</failure>
    <system-out><![CDATA[C:\Users\CBT\AppData\Local\Temp\screenshot1972627604657265554.png
]]></system-out>
  </testcase>
</testsuite>